Z:\CS585\LAB1\ASSIGNMENT1\DEBUG\STDAFX.OBJ
Z:\CS585\LAB1\ASSIGNMENT1\DEBUG\VC110.PDB
Z:\CS585\LAB1\ASSIGNMENT1\DEBUG\ASSIGNMENT1.OBJ
Z:\CS585\LAB1\DEBUG\ASSIGNMENT1.ILK
Z:\CS585\LAB1\DEBUG\ASSIGNMENT1.EXE
Z:\CS585\LAB1\DEBUG\ASSIGNMENT1.PDB
Z:\CS585\Lab1\Assignment1\Debug\stdafx.obj
Z:\CS585\Lab1\Assignment1\Debug\Assignment1.obj
Z:\CS585\Lab1\Assignment1\Debug\CL.read.1.tlog
Z:\CS585\Lab1\Assignment1\Debug\CL.write.1.tlog
Z:\CS585\Lab1\Assignment1\Debug\cl.command.1.tlog
Z:\CS585\Lab1\Assignment1\Debug\link-rc.read.1.tlog
Z:\CS585\Lab1\Assignment1\Debug\link-rc.write.1.tlog
Z:\CS585\Lab1\Assignment1\Debug\link-cvtres.read.1.tlog
Z:\CS585\Lab1\Assignment1\Debug\link-cvtres.write.1.tlog
Z:\CS585\Lab1\Assignment1\Debug\link.read.1.tlog
Z:\CS585\Lab1\Assignment1\Debug\link.write.1.tlog
Z:\CS585\Lab1\Assignment1\Debug\link.command.1.tlog
Z:\CS585\Lab1\Assignment1\Debug\Assignment1.pch
Z:\CS585\Lab1\Assignment1\Debug\vc110.idb
Z:\CS585\Lab1\Assignment1\Debug\vc110.pdb
Z:\CS585\Lab1\Debug\Assignment1.pdb
Z:\CS585\Lab1\Debug\Assignment1.exe
Z:\CS585\Lab1\Debug\Assignment1.ilk
